mode: set
books-api/t/mocks/post_repo_interface.go:17.71,20.19 2 0
books-api/t/mocks/post_repo_interface.go:20.19,21.49 1 0
books-api/t/mocks/post_repo_interface.go:24.2,26.65 3 0
books-api/t/mocks/post_repo_interface.go:26.65,28.3 1 0
books-api/t/mocks/post_repo_interface.go:29.2,29.56 1 0
books-api/t/mocks/post_repo_interface.go:29.56,31.3 1 0
books-api/t/mocks/post_repo_interface.go:31.8,33.3 1 0
books-api/t/mocks/post_repo_interface.go:35.2,35.57 1 0
books-api/t/mocks/post_repo_interface.go:35.57,37.3 1 0
books-api/t/mocks/post_repo_interface.go:37.8,39.3 1 0
books-api/t/mocks/post_repo_interface.go:41.2,41.15 1 0
books-api/t/mocks/post_repo_interface.go:45.65,48.19 2 0
books-api/t/mocks/post_repo_interface.go:48.19,49.50 1 0
books-api/t/mocks/post_repo_interface.go:52.2,54.63 3 0
books-api/t/mocks/post_repo_interface.go:54.63,56.3 1 0
books-api/t/mocks/post_repo_interface.go:57.2,57.54 1 0
books-api/t/mocks/post_repo_interface.go:57.54,59.3 1 0
books-api/t/mocks/post_repo_interface.go:59.8,60.24 1 0
books-api/t/mocks/post_repo_interface.go:60.24,62.4 1 0
books-api/t/mocks/post_repo_interface.go:65.2,65.45 1 0
books-api/t/mocks/post_repo_interface.go:65.45,67.3 1 0
books-api/t/mocks/post_repo_interface.go:67.8,69.3 1 0
books-api/t/mocks/post_repo_interface.go:71.2,71.15 1 0
books-api/t/mocks/post_repo_interface.go:79.23,83.19 3 0
books-api/t/mocks/post_repo_interface.go:83.19,83.49 1 0
books-api/t/mocks/post_repo_interface.go:85.2,85.13 1 0
books-api/t/mongo_init.go:14.46,22.16 4 0
books-api/t/mongo_init.go:22.16,24.3 1 0
books-api/t/mongo_init.go:27.2,28.16 2 0
books-api/t/mongo_init.go:28.16,30.3 1 0
books-api/t/mongo_init.go:32.2,33.20 2 0
books-api/t/post_repo.go:19.83,21.2 1 0
books-api/t/post_repo.go:23.55,32.16 5 0
books-api/t/post_repo.go:32.16,36.3 2 0
books-api/t/post_repo.go:38.2,42.40 3 0
books-api/t/post_repo.go:42.40,45.46 2 0
books-api/t/post_repo.go:45.46,47.12 2 0
books-api/t/post_repo.go:50.3,50.30 1 0
books-api/t/post_repo.go:52.2,52.37 1 0
books-api/t/post_repo.go:52.37,55.3 2 0
books-api/t/post_repo.go:57.2,57.20 1 0
books-api/t/post_repo.go:61.61,72.2 4 0
books-api/t/post_repo.go:77.26,79.2 1 0
books-api/t/post_repo.go:81.45,83.2 1 0
books-api/t/t.go:10.59,15.16 3 0
books-api/t/t.go:15.16,17.3 1 0
books-api/t/t.go:18.2,22.16 3 0
books-api/t/t.go:22.16,24.3 1 0
books-api/t/t.go:26.2,27.36 2 0
books-api/t/t.go:30.58,33.35 2 0
books-api/t/t.go:33.35,36.3 2 0
books-api/t/t.go:38.2,42.16 3 0
books-api/t/t.go:42.16,45.3 2 0
books-api/t/t.go:46.2,50.16 3 0
books-api/t/t.go:50.16,52.3 1 0
books-api/t/t.go:53.2,57.16 3 0
books-api/t/t.go:57.16,60.3 2 0
books-api/t/t.go:61.2,61.13 1 0
books-api/t/t.go:61.13,68.3 3 0
books-api/t/t.go:71.13,76.2 4 0
books-api/t/mocks/post_repo_interface.go:17.71,20.19 2 1
books-api/t/mocks/post_repo_interface.go:20.19,21.49 1 0
books-api/t/mocks/post_repo_interface.go:24.2,26.65 3 1
books-api/t/mocks/post_repo_interface.go:26.65,28.3 1 0
books-api/t/mocks/post_repo_interface.go:29.2,29.56 1 1
books-api/t/mocks/post_repo_interface.go:29.56,31.3 1 0
books-api/t/mocks/post_repo_interface.go:31.8,33.3 1 1
books-api/t/mocks/post_repo_interface.go:35.2,35.57 1 1
books-api/t/mocks/post_repo_interface.go:35.57,37.3 1 0
books-api/t/mocks/post_repo_interface.go:37.8,39.3 1 1
books-api/t/mocks/post_repo_interface.go:41.2,41.15 1 1
books-api/t/mocks/post_repo_interface.go:45.65,48.19 2 1
books-api/t/mocks/post_repo_interface.go:48.19,49.50 1 0
books-api/t/mocks/post_repo_interface.go:52.2,54.63 3 1
books-api/t/mocks/post_repo_interface.go:54.63,56.3 1 0
books-api/t/mocks/post_repo_interface.go:57.2,57.54 1 1
books-api/t/mocks/post_repo_interface.go:57.54,59.3 1 0
books-api/t/mocks/post_repo_interface.go:59.8,60.24 1 1
books-api/t/mocks/post_repo_interface.go:60.24,62.4 1 1
books-api/t/mocks/post_repo_interface.go:65.2,65.45 1 1
books-api/t/mocks/post_repo_interface.go:65.45,67.3 1 0
books-api/t/mocks/post_repo_interface.go:67.8,69.3 1 1
books-api/t/mocks/post_repo_interface.go:71.2,71.15 1 1
books-api/t/mocks/post_repo_interface.go:79.23,83.19 3 0
books-api/t/mocks/post_repo_interface.go:83.19,83.49 1 0
books-api/t/mocks/post_repo_interface.go:85.2,85.13 1 0
